[debug] [2023-02-06T15:00:57.214Z] ----------------------------------------------------------------------
[debug] [2023-02-06T15:00:57.216Z] Command:       C:\Program Files\nodejs\node.exe C:\Users\sunil\AppData\Roaming\npm\node_modules\firebase-tools\lib\bin\firebase.js init
[debug] [2023-02-06T15:00:57.216Z] CLI Version:   11.22.0
[debug] [2023-02-06T15:00:57.217Z] Platform:      win32
[debug] [2023-02-06T15:00:57.217Z] Node Version:  v18.14.0
[debug] [2023-02-06T15:00:57.217Z] Time:          Mon Feb 06 2023 20:30:57 GMT+0530 (India Standard Time)
[debug] [2023-02-06T15:00:57.218Z] ----------------------------------------------------------------------
[debug] 
[debug] [2023-02-06T15:00:57.225Z] > command requires scopes: ["email","openid","https://www.googleapis.com/auth/cloudplatformprojects.readonly","https://www.googleapis.com/auth/firebase","https://www.googleapis.com/auth/cloud-platform"]
[debug] [2023-02-06T15:00:57.226Z] > authorizing via signed-in user (hippargisunil@gmail.com)
[info] 
     ######## #### ########  ######## ########     ###     ######  ########
     ##        ##  ##     ## ##       ##     ##  ##   ##  ##       ##
     ######    ##  ########  ######   ########  #########  ######  ######
     ##        ##  ##    ##  ##       ##     ## ##     ##       ## ##
     ##       #### ##     ## ######## ########  ##     ##  ######  ########

You're about to initialize a Firebase project in this directory:

  C:\My _Disk\New\FULL STACK DEVELOPMENT\Project\chat-app\client

Before we get started, keep in mind:

  * You are currently outside your home directory

